<?xml version="1.0" encoding="UTF-8"?>
<!-- Generated by org.testng.reporters.JUnitReportReporter -->
<testsuite name="testcases.TC_001" tests="1" time="4.260" ignored="0" failures="0" timestamp="04 Apr 2021 23:24:26 GMT" skipped="0" hostname="AndrÃ©-PC" errors="0">
  <testcase name="testcase1" time="4.260" classname="testcases.TC_001"/>
</testsuite> <!-- testcases.TC_001 -->
